<?xml version="1.0" encoding="UTF-8"?>
<!-- Generated by org.testng.reporters.JUnitXMLReporter -->
<testsuite ignored="0" hostname="Leti" failures="12" tests="33" name="Testing all 37 Test cases" time="1150.949" errors="0" timestamp="2023-02-15T15:45:41 PST">
  <testcase classname="salesForceLeti.tc10CreateAccount" name="CreateAccount" time="39.776"/>
  <testcase classname="salesForceLeti.tc11CreateNewView" name="createNewView" time="19.709">
    <failure type="java.lang.AssertionError" message="login passed and correct username is displayed expected [Leti Casta] but found [Indian]">
      <![CDATA[java.lang.AssertionError: login passed and correct username is displayed expected [Leti Casta] but found [Indian]
at salesForceLeti.tc11CreateNewView.createNewView(tc11CreateNewView.java:45)
at java.base/java.util.ArrayList.forEach(ArrayList.java:1511)
... Removed 32 stack frames]]>
    </failure>
  </testcase> <!-- createNewView -->
  <testcase classname="salesForceLeti.tc12EditView" name="editView" time="23.487">
    <failure type="java.lang.AssertionError" message="login passed and correct username is displayed expected [Leti Casta] but found [Indian]">
      <![CDATA[java.lang.AssertionError: login passed and correct username is displayed expected [Leti Casta] but found [Indian]
at salesForceLeti.tc12EditView.editView(tc12EditView.java:50)
at java.base/java.util.ArrayList.forEach(ArrayList.java:1511)
... Removed 32 stack frames]]>
    </failure>
  </testcase> <!-- editView -->
  <testcase classname="salesForceLeti.tc13mergeAccounts" name="mergeAccounts" time="30.076"/>
  <testcase classname="salesForceLeti.tc14CreateAccountReport" name="createAccountReport" time="40.725"/>
  <testcase classname="salesForceLeti.tc15OpportunitiesDropdown" name="OpportunitesDropdown" time="20.488">
    <failure type="java.lang.AssertionError" message="lists have different sizes">
      <![CDATA[java.lang.AssertionError: lists have different sizes
at salesForceLeti.tc15OpportunitiesDropdown.OpportunitesDropdown(tc15OpportunitiesDropdown.java:61)
at java.base/java.util.ArrayList.forEach(ArrayList.java:1511)
... Removed 27 stack frames]]>
    </failure>
  </testcase> <!-- OpportunitesDropdown -->
  <testcase classname="salesForceLeti.tc16NewOpportunities" name="newOpportunites" time="29.194"/>
  <testcase classname="salesForceLeti.tc17OpportunityReport" name="OpportunityReport" time="26.484"/>
  <testcase classname="salesForceLeti.tc18StuckedOpportunityReport" name="StuckedOpportunityReport" time="21.45"/>
  <testcase classname="salesForceLeti.tc19SQuarterlySummaryReport" name="QuarterlySummaryReport" time="41.006"/>
  <testcase classname="salesForceLeti.tc20leadsTab" name="leadsTab" time="6.785">
    <failure type="java.lang.AssertionError" message="login passed expected [Home Page ~ Salesforce - Developer Edition] but found [Login | Salesforce]">
      <![CDATA[java.lang.AssertionError: login passed expected [Home Page ~ Salesforce - Developer Edition] but found [Login | Salesforce]
at salesForceLeti.tc2SFDCLogin.loginToSalesForce(tc2SFDCLogin.java:26)
at salesForceLeti.tc20leadsTab.leadsTab(tc20leadsTab.java:15)
at java.base/java.util.ArrayList.forEach(ArrayList.java:1511)
... Removed 32 stack frames]]>
    </failure>
  </testcase> <!-- leadsTab -->
  <testcase classname="salesForceLeti.tc21leadsSelectView" name="leadsSelectView" time="21.43">
    <failure type="java.lang.AssertionError" message="The menu content is not the same size as expected">
      <![CDATA[java.lang.AssertionError: The menu content is not the same size as expected
at salesForceLeti.tc21leadsSelectView.leadsSelectView(tc21leadsSelectView.java:38)
at java.base/java.util.ArrayList.forEach(ArrayList.java:1511)
... Removed 27 stack frames]]>
    </failure>
  </testcase> <!-- leadsSelectView -->
  <testcase classname="salesForceLeti.tc22leadsDefaultView" name="leadsDefaultView" time="18.177">
    <failure type="org.openqa.selenium.NoSuchElementException" message="no such element: Unable to locate element: {&amp;quot;method&amp;quot;:&amp;quot;css selector&amp;quot;,&amp;quot;selector&amp;quot;:&amp;quot;#fcf&amp;quot;}
  (Session info: chrome=109.0.5414.120)
For documentation on this error, please visit: https://www.seleniumhq.org/exceptions/no_such_element.html
Build info: version: &amp;apos;3.141.59&amp;apos;, revision: &amp;apos;e82be7d358&amp;apos;, time: &amp;apos;2018-11-14T08:17:03&amp;apos;
System info: host: &amp;apos;LETI&amp;apos;, ip: &amp;apos;192.168.1.104&amp;apos;, os.name: &amp;apos;Windows 8.1&amp;apos;, os.arch: &amp;apos;amd64&amp;apos;, os.version: &amp;apos;6.3&amp;apos;, java.version: &amp;apos;17.0.3&amp;apos;
Driver info: org.openqa.selenium.chrome.ChromeDriver
Capabilities {acceptInsecureCerts: false, browserName: chrome, browserVersion: 109.0.5414.120, chrome: {chromedriverVersion: 109.0.5414.74 (e7c5703604da..., userDataDir: C:\Users\Aditya\AppData\Loc...}, goog:chromeOptions: {debuggerAddress: localhost:61305}, javascriptEnabled: true, networkConnectionEnabled: false, pageLoadStrategy: normal, platform: WINDOWS, platformName: WINDOWS, proxy: Proxy(), setWindowRect: true, strictFileInteractability: false, timeouts: {implicit: 0, pageLoad: 300000, script: 30000}, unhandledPromptBehavior: dismiss and notify, webauthn:extension:credBlob: true, webauthn:extension:largeBlob: true, webauthn:virtualAuthenticators: true}
Session ID: 446c9f21e0a01737e197f2430d330261
*** Element info: {Using=id, value=fcf}">
      <![CDATA[org.openqa.selenium.NoSuchElementException: no such element: Unable to locate element: {"method":"css selector","selector":"#fcf"}
  (Session info: chrome=109.0.5414.120)
For documentation on this error, please visit: https://www.seleniumhq.org/exceptions/no_such_element.html
Build info: version: '3.141.59', revision: 'e82be7d358', time: '2018-11-14T08:17:03'
System info: host: 'LETI', ip: '192.168.1.104', os.name: 'Windows 8.1', os.arch: 'amd64', os.version: '6.3', java.version: '17.0.3'
Driver info: org.openqa.selenium.chrome.ChromeDriver
Capabilities {acceptInsecureCerts: false, browserName: chrome, browserVersion: 109.0.5414.120, chrome: {chromedriverVersion: 109.0.5414.74 (e7c5703604da..., userDataDir: C:\Users\Aditya\AppData\Loc...}, goog:chromeOptions: {debuggerAddress: localhost:61305}, javascriptEnabled: true, networkConnectionEnabled: false, pageLoadStrategy: normal, platform: WINDOWS, platformName: WINDOWS, proxy: Proxy(), setWindowRect: true, strictFileInteractability: false, timeouts: {implicit: 0, pageLoad: 300000, script: 30000}, unhandledPromptBehavior: dismiss and notify, webauthn:extension:credBlob: true, webauthn:extension:largeBlob: true, webauthn:virtualAuthenticators: true}
Session ID: 446c9f21e0a01737e197f2430d330261
*** Element info: {Using=id, value=fcf}
at org.openqa.selenium.remote.http.W3CHttpResponseCodec.createException(W3CHttpResponseCodec.java:187)
at org.openqa.selenium.remote.http.W3CHttpResponseCodec.decode(W3CHttpResponseCodec.java:122)
at org.openqa.selenium.remote.http.W3CHttpResponseCodec.decode(W3CHttpResponseCodec.java:49)
at org.openqa.selenium.remote.HttpCommandExecutor.execute(HttpCommandExecutor.java:158)
at org.openqa.selenium.remote.service.DriverCommandExecutor.execute(DriverCommandExecutor.java:83)
at org.openqa.selenium.remote.RemoteWebDriver.execute(RemoteWebDriver.java:552)
at org.openqa.selenium.remote.RemoteWebDriver.findElement(RemoteWebDriver.java:323)
at org.openqa.selenium.remote.RemoteWebDriver.findElementById(RemoteWebDriver.java:372)
at org.openqa.selenium.By$ById.findElement(By.java:188)
at org.openqa.selenium.remote.RemoteWebDriver.findElement(RemoteWebDriver.java:315)
at salesForceLeti.tc22leadsDefaultView.leadsDefaultView(tc22leadsDefaultView.java:35)
at java.base/java.util.ArrayList.forEach(ArrayList.java:1511)
... Removed 32 stack frames]]>
    </failure>
  </testcase> <!-- leadsDefaultView -->
  <testcase classname="salesForceLeti.tc23todaysLeads" name="todaysLeads" time="35.727"/>
  <testcase classname="salesForceLeti.tc24newButtonLeads" name="newButtonLeads" time="22.535">
    <failure type="org.openqa.selenium.NoSuchElementException" message="no such element: Unable to locate element: {&amp;quot;method&amp;quot;:&amp;quot;css selector&amp;quot;,&amp;quot;selector&amp;quot;:&amp;quot;*[name=&amp;apos;new&amp;apos;]&amp;quot;}
  (Session info: chrome=109.0.5414.120)
For documentation on this error, please visit: https://www.seleniumhq.org/exceptions/no_such_element.html
Build info: version: &amp;apos;3.141.59&amp;apos;, revision: &amp;apos;e82be7d358&amp;apos;, time: &amp;apos;2018-11-14T08:17:03&amp;apos;
System info: host: &amp;apos;LETI&amp;apos;, ip: &amp;apos;192.168.1.104&amp;apos;, os.name: &amp;apos;Windows 8.1&amp;apos;, os.arch: &amp;apos;amd64&amp;apos;, os.version: &amp;apos;6.3&amp;apos;, java.version: &amp;apos;17.0.3&amp;apos;
Driver info: org.openqa.selenium.chrome.ChromeDriver
Capabilities {acceptInsecureCerts: false, browserName: chrome, browserVersion: 109.0.5414.120, chrome: {chromedriverVersion: 109.0.5414.74 (e7c5703604da..., userDataDir: C:\Users\Aditya\AppData\Loc...}, goog:chromeOptions: {debuggerAddress: localhost:61442}, javascriptEnabled: true, networkConnectionEnabled: false, pageLoadStrategy: normal, platform: WINDOWS, platformName: WINDOWS, proxy: Proxy(), setWindowRect: true, strictFileInteractability: false, timeouts: {implicit: 0, pageLoad: 300000, script: 30000}, unhandledPromptBehavior: dismiss and notify, webauthn:extension:credBlob: true, webauthn:extension:largeBlob: true, webauthn:virtualAuthenticators: true}
Session ID: 39cc60cf083a027bb41375cdb6584c80
*** Element info: {Using=name, value=new}">
      <![CDATA[org.openqa.selenium.NoSuchElementException: no such element: Unable to locate element: {"method":"css selector","selector":"*[name='new']"}
  (Session info: chrome=109.0.5414.120)
For documentation on this error, please visit: https://www.seleniumhq.org/exceptions/no_such_element.html
Build info: version: '3.141.59', revision: 'e82be7d358', time: '2018-11-14T08:17:03'
System info: host: 'LETI', ip: '192.168.1.104', os.name: 'Windows 8.1', os.arch: 'amd64', os.version: '6.3', java.version: '17.0.3'
Driver info: org.openqa.selenium.chrome.ChromeDriver
Capabilities {acceptInsecureCerts: false, browserName: chrome, browserVersion: 109.0.5414.120, chrome: {chromedriverVersion: 109.0.5414.74 (e7c5703604da..., userDataDir: C:\Users\Aditya\AppData\Loc...}, goog:chromeOptions: {debuggerAddress: localhost:61442}, javascriptEnabled: true, networkConnectionEnabled: false, pageLoadStrategy: normal, platform: WINDOWS, platformName: WINDOWS, proxy: Proxy(), setWindowRect: true, strictFileInteractability: false, timeouts: {implicit: 0, pageLoad: 300000, script: 30000}, unhandledPromptBehavior: dismiss and notify, webauthn:extension:credBlob: true, webauthn:extension:largeBlob: true, webauthn:virtualAuthenticators: true}
Session ID: 39cc60cf083a027bb41375cdb6584c80
*** Element info: {Using=name, value=new}
at org.openqa.selenium.remote.http.W3CHttpResponseCodec.createException(W3CHttpResponseCodec.java:187)
at org.openqa.selenium.remote.http.W3CHttpResponseCodec.decode(W3CHttpResponseCodec.java:122)
at org.openqa.selenium.remote.http.W3CHttpResponseCodec.decode(W3CHttpResponseCodec.java:49)
at org.openqa.selenium.remote.HttpCommandExecutor.execute(HttpCommandExecutor.java:158)
at org.openqa.selenium.remote.service.DriverCommandExecutor.execute(DriverCommandExecutor.java:83)
at org.openqa.selenium.remote.RemoteWebDriver.execute(RemoteWebDriver.java:552)
at org.openqa.selenium.remote.RemoteWebDriver.findElement(RemoteWebDriver.java:323)
at org.openqa.selenium.remote.RemoteWebDriver.findElementByName(RemoteWebDriver.java:404)
at org.openqa.selenium.By$ByName.findElement(By.java:284)
at org.openqa.selenium.remote.RemoteWebDriver.findElement(RemoteWebDriver.java:315)
at salesForceLeti.tc24newButtonLeads.newButtonLeads(tc24newButtonLeads.java:33)
at java.base/java.util.ArrayList.forEach(ArrayList.java:1511)
... Removed 32 stack frames]]>
    </failure>
  </testcase> <!-- newButtonLeads -->
  <testcase classname="salesForceLeti.tc25createNewContact" name="createNewContact" time="27.381"/>
  <testcase classname="salesForceLeti.tc26newViewContactPage" name="newViewContactPage" time="32.654"/>
  <testcase classname="salesForceLeti.tc27checkRecentlyCreatedContacts" name="checkRecentlyCreatedContacts" time="26.893">
    <failure type="org.openqa.selenium.NoSuchElementException" message="Cannot locate option with value: Recently Created
For documentation on this error, please visit: https://www.seleniumhq.org/exceptions/no_such_element.html
Build info: version: &amp;apos;3.141.59&amp;apos;, revision: &amp;apos;e82be7d358&amp;apos;, time: &amp;apos;2018-11-14T08:17:03&amp;apos;
System info: host: &amp;apos;LETI&amp;apos;, ip: &amp;apos;192.168.1.104&amp;apos;, os.name: &amp;apos;Windows 8.1&amp;apos;, os.arch: &amp;apos;amd64&amp;apos;, os.version: &amp;apos;6.3&amp;apos;, java.version: &amp;apos;17.0.3&amp;apos;
Driver info: driver.version: unknown">
      <![CDATA[org.openqa.selenium.NoSuchElementException: Cannot locate option with value: Recently Created
For documentation on this error, please visit: https://www.seleniumhq.org/exceptions/no_such_element.html
Build info: version: '3.141.59', revision: 'e82be7d358', time: '2018-11-14T08:17:03'
System info: host: 'LETI', ip: '192.168.1.104', os.name: 'Windows 8.1', os.arch: 'amd64', os.version: '6.3', java.version: '17.0.3'
Driver info: driver.version: unknown
at org.openqa.selenium.support.ui.Select.findOptionsByValue(Select.java:283)
at org.openqa.selenium.support.ui.Select.selectByValue(Select.java:186)
at salesForceLeti.tc27checkRecentlyCreatedContacts.checkRecentlyCreatedContacts(tc27checkRecentlyCreatedContacts.java:48)
at java.base/java.util.ArrayList.forEach(ArrayList.java:1511)
... Removed 27 stack frames]]>
    </failure>
  </testcase> <!-- checkRecentlyCreatedContacts -->
  <testcase classname="salesForceLeti.tc28checkMyContacts" name="checkMyContacts" time="34.72"/>
  <testcase classname="salesForceLeti.tc29viewContact" name="viewContact" time="33.787">
    <failure type="java.lang.AssertionError" message="My contacts view should be displayed expected [Contact: NewLastName ~ Salesforce - Developer Edition] but found [Contact: NewLastName2 ~ Salesforce - Developer Edition]">
      <![CDATA[java.lang.AssertionError: My contacts view should be displayed expected [Contact: NewLastName ~ Salesforce - Developer Edition] but found [Contact: NewLastName2 ~ Salesforce - Developer Edition]
at salesForceLeti.tc29viewContact.viewContact(tc29viewContact.java:47)
at java.base/java.util.ArrayList.forEach(ArrayList.java:1511)
... Removed 32 stack frames]]>
    </failure>
  </testcase> <!-- viewContact -->
  <testcase classname="salesForceLeti.tc30checkErrorMessageInContact" name="checkErrorMessageInContact" time="52.099"/>
  <testcase classname="salesForceLeti.tc31checkCancelButtonOfCreateView" name="checkCancelButtonOfCreateView" time="34.912"/>
  <testcase classname="salesForceLeti.tc32checkSaveAndNewButtons" name="checkSaveAndNewButtons" time="35.952"/>
  <testcase classname="salesForceLeti.tc33checkFirstAndLastNameDisplay" name="checkFirstAndLastNameDisplay" time="29.959"/>
  <testcase classname="salesForceLeti.tc34checkEditedLastnameUpdates" name="checkEditedLastnameUpdates" time="26.908">
    <failure type="java.lang.AssertionError" message="User First and Last Name displayed in link expected [Leti Casta] but found [Indian]">
      <![CDATA[java.lang.AssertionError: User First and Last Name displayed in link expected [Leti Casta] but found [Indian]
at salesForceLeti.tc34checkEditedLastnameUpdates.checkEditedLastnameUpdates(tc34checkEditedLastnameUpdates.java:53)
at java.base/java.util.ArrayList.forEach(ArrayList.java:1511)
... Removed 32 stack frames]]>
    </failure>
  </testcase> <!-- checkEditedLastnameUpdates -->
  <testcase classname="salesForceLeti.tc35checkTabCustomization" name="checkTabCustomization" time="60.147"/>
  <testcase classname="salesForceLeti.tc36blockingEventInCalendar" name="blockingEventInCalendar" time="42.47"/>
  <testcase classname="salesForceLeti.tc37blockingEventWeeklyRecurrence" name="blockingEventWeeklyRecurrence" time="47.216"/>
  <testcase classname="salesForceLeti.tc5UserDropDownMenu" name="UserDropDownMenu" time="17.524"/>
  <testcase classname="salesForceLeti.tc6UserUploadPhoto" name="UserUploadPhoto" time="42.865">
    <failure type="org.openqa.selenium.NoSuchElementException" message="no such element: Unable to locate element: {&amp;quot;method&amp;quot;:&amp;quot;xpath&amp;quot;,&amp;quot;selector&amp;quot;:&amp;quot;/html/body/div[1]/div[2]/table/tbody/tr/td/div/div[3]/div[1]/div/div[1]/div/div[2]/ul/li[1]/div/div/div[2]/div/div[5]/div/div[1]/div[1]/div[2]/div[1]/span/p&amp;quot;}
  (Session info: chrome=109.0.5414.120)
For documentation on this error, please visit: https://www.seleniumhq.org/exceptions/no_such_element.html
Build info: version: &amp;apos;3.141.59&amp;apos;, revision: &amp;apos;e82be7d358&amp;apos;, time: &amp;apos;2018-11-14T08:17:03&amp;apos;
System info: host: &amp;apos;LETI&amp;apos;, ip: &amp;apos;192.168.1.104&amp;apos;, os.name: &amp;apos;Windows 8.1&amp;apos;, os.arch: &amp;apos;amd64&amp;apos;, os.version: &amp;apos;6.3&amp;apos;, java.version: &amp;apos;17.0.3&amp;apos;
Driver info: org.openqa.selenium.chrome.ChromeDriver
Capabilities {acceptInsecureCerts: false, browserName: chrome, browserVersion: 109.0.5414.120, chrome: {chromedriverVersion: 109.0.5414.74 (e7c5703604da..., userDataDir: C:\Users\Aditya\AppData\Loc...}, goog:chromeOptions: {debuggerAddress: localhost:62559}, javascriptEnabled: true, networkConnectionEnabled: false, pageLoadStrategy: normal, platform: WINDOWS, platformName: WINDOWS, proxy: Proxy(), setWindowRect: true, strictFileInteractability: false, timeouts: {implicit: 0, pageLoad: 300000, script: 30000}, unhandledPromptBehavior: dismiss and notify, webauthn:extension:credBlob: true, webauthn:extension:largeBlob: true, webauthn:virtualAuthenticators: true}
Session ID: 54ec7121467a77f2a7fdf9f20c8296bc
*** Element info: {Using=xpath, value=/html/body/div[1]/div[2]/table/tbody/tr/td/div/div[3]/div[1]/div/div[1]/div/div[2]/ul/li[1]/div/div/div[2]/div/div[5]/div/div[1]/div[1]/div[2]/div[1]/span/p}">
      <![CDATA[org.openqa.selenium.NoSuchElementException: no such element: Unable to locate element: {"method":"xpath","selector":"/html/body/div[1]/div[2]/table/tbody/tr/td/div/div[3]/div[1]/div/div[1]/div/div[2]/ul/li[1]/div/div/div[2]/div/div[5]/div/div[1]/div[1]/div[2]/div[1]/span/p"}
  (Session info: chrome=109.0.5414.120)
For documentation on this error, please visit: https://www.seleniumhq.org/exceptions/no_such_element.html
Build info: version: '3.141.59', revision: 'e82be7d358', time: '2018-11-14T08:17:03'
System info: host: 'LETI', ip: '192.168.1.104', os.name: 'Windows 8.1', os.arch: 'amd64', os.version: '6.3', java.version: '17.0.3'
Driver info: org.openqa.selenium.chrome.ChromeDriver
Capabilities {acceptInsecureCerts: false, browserName: chrome, browserVersion: 109.0.5414.120, chrome: {chromedriverVersion: 109.0.5414.74 (e7c5703604da..., userDataDir: C:\Users\Aditya\AppData\Loc...}, goog:chromeOptions: {debuggerAddress: localhost:62559}, javascriptEnabled: true, networkConnectionEnabled: false, pageLoadStrategy: normal, platform: WINDOWS, platformName: WINDOWS, proxy: Proxy(), setWindowRect: true, strictFileInteractability: false, timeouts: {implicit: 0, pageLoad: 300000, script: 30000}, unhandledPromptBehavior: dismiss and notify, webauthn:extension:credBlob: true, webauthn:extension:largeBlob: true, webauthn:virtualAuthenticators: true}
Session ID: 54ec7121467a77f2a7fdf9f20c8296bc
*** Element info: {Using=xpath, value=/html/body/div[1]/div[2]/table/tbody/tr/td/div/div[3]/div[1]/div/div[1]/div/div[2]/ul/li[1]/div/div/div[2]/div/div[5]/div/div[1]/div[1]/div[2]/div[1]/span/p}
at org.openqa.selenium.remote.http.W3CHttpResponseCodec.createException(W3CHttpResponseCodec.java:187)
at org.openqa.selenium.remote.http.W3CHttpResponseCodec.decode(W3CHttpResponseCodec.java:122)
at org.openqa.selenium.remote.http.W3CHttpResponseCodec.decode(W3CHttpResponseCodec.java:49)
at org.openqa.selenium.remote.HttpCommandExecutor.execute(HttpCommandExecutor.java:158)
at org.openqa.selenium.remote.service.DriverCommandExecutor.execute(DriverCommandExecutor.java:83)
at org.openqa.selenium.remote.RemoteWebDriver.execute(RemoteWebDriver.java:552)
at org.openqa.selenium.remote.RemoteWebDriver.findElement(RemoteWebDriver.java:323)
at org.openqa.selenium.remote.RemoteWebDriver.findElementByXPath(RemoteWebDriver.java:428)
at org.openqa.selenium.By$ByXPath.findElement(By.java:353)
at org.openqa.selenium.remote.RemoteWebDriver.findElement(RemoteWebDriver.java:315)
at salesForceLeti.tc6UserUploadPhoto.UserUploadPhoto(tc6UserUploadPhoto.java:83)
at java.base/java.util.ArrayList.forEach(ArrayList.java:1511)
... Removed 32 stack frames]]>
    </failure>
  </testcase> <!-- UserUploadPhoto -->
  <testcase classname="salesForceLeti.tc7MySettingsDropDown" name="verifyMySettingsMenu" time="29.583">
    <failure type="org.openqa.selenium.NoSuchElementException" message="Cannot locate element with text: Reports
For documentation on this error, please visit: https://www.seleniumhq.org/exceptions/no_such_element.html
Build info: version: &amp;apos;3.141.59&amp;apos;, revision: &amp;apos;e82be7d358&amp;apos;, time: &amp;apos;2018-11-14T08:17:03&amp;apos;
System info: host: &amp;apos;LETI&amp;apos;, ip: &amp;apos;192.168.1.104&amp;apos;, os.name: &amp;apos;Windows 8.1&amp;apos;, os.arch: &amp;apos;amd64&amp;apos;, os.version: &amp;apos;6.3&amp;apos;, java.version: &amp;apos;17.0.3&amp;apos;
Driver info: driver.version: unknown">
      <![CDATA[org.openqa.selenium.NoSuchElementException: Cannot locate element with text: Reports
For documentation on this error, please visit: https://www.seleniumhq.org/exceptions/no_such_element.html
Build info: version: '3.141.59', revision: 'e82be7d358', time: '2018-11-14T08:17:03'
System info: host: 'LETI', ip: '192.168.1.104', os.name: 'Windows 8.1', os.arch: 'amd64', os.version: '6.3', java.version: '17.0.3'
Driver info: driver.version: unknown
at org.openqa.selenium.support.ui.Select.selectByVisibleText(Select.java:147)
at salesForceLeti.tc7MySettingsDropDown.verifyMySettingsMenu(tc7MySettingsDropDown.java:67)
at java.base/java.util.ArrayList.forEach(ArrayList.java:1511)
... Removed 27 stack frames]]>
    </failure>
  </testcase> <!-- verifyMySettingsMenu -->
  <testcase classname="salesForceLeti.tc8developersConsole" name="developersConsole" time="25.865"/>
  <testcase classname="salesForceLeti.tc9LogOut" name="LogOut" time="152.544"/>
</testsuite> <!-- Testing all 37 Test cases -->
